Determining if the pthread_create exist failed with the following output:
Change Dir: /home/chavo/ros_catkin_ws/build/CMakeFiles/CMakeTmp

Run Build Command:/usr/bin/make "cmTryCompileExec50053033/fast"
/usr/bin/make -f CMakeFiles/cmTryCompileExec50053033.dir/build.make CMakeFiles/cmTryCompileExec50053033.dir/build
make[1]: se ingresa al directorio «/home/chavo/ros_catkin_ws/build/CMakeFiles/CMakeTmp»
/usr/bin/cmake -E cmake_progress_report /home/chavo/ros_catkin_ws/build/CMakeFiles/CMakeTmp/CMakeFiles 1
Building C object CMakeFiles/cmTryCompileExec50053033.dir/CheckSymbolExists.c.o
/usr/bin/cc    -o CMakeFiles/cmTryCompileExec50053033.dir/CheckSymbolExists.c.o   -c /home/chavo/ros_catkin_ws/build/CMakeFiles/CMakeTmp/CheckSymbolExists.c
Linking C executable cmTryCompileExec50053033
/usr/bin/cmake -E cmake_link_script CMakeFiles/cmTryCompileExec50053033.dir/link.txt --verbose=1
/usr/bin/cc       CMakeFiles/cmTryCompileExec50053033.dir/CheckSymbolExists.c.o  -o cmTryCompileExec50053033 -rdynamic 
CMakeFiles/cmTryCompileExec50053033.dir/CheckSymbolExists.c.o: En la función `main':
CheckSymbolExists.c:(.text+0x16): referencia a `pthread_create' sin definir
collect2: error: ld returned 1 exit status
make[1]: *** [cmTryCompileExec50053033] Error 1
make[1]: se sale del directorio «/home/chavo/ros_catkin_ws/build/CMakeFiles/CMakeTmp»
make: *** [cmTryCompileExec50053033/fast] Error 2

File /home/chavo/ros_catkin_ws/build/CMakeFiles/CMakeTmp/CheckSymbolExists.c:
/* */
#include <pthread.h>

int main(int argc, char** argv)
{
  (void)argv;
#ifndef pthread_create
  return ((int*)(&pthread_create))[argc];
#else
  (void)argc;
  return 0;
#endif
}

Determining if the function pthread_create exists in the pthreads failed with the following output:
Change Dir: /home/chavo/ros_catkin_ws/build/CMakeFiles/CMakeTmp

Run Build Command:/usr/bin/make "cmTryCompileExec1596175031/fast"
/usr/bin/make -f CMakeFiles/cmTryCompileExec1596175031.dir/build.make CMakeFiles/cmTryCompileExec1596175031.dir/build
make[1]: se ingresa al directorio «/home/chavo/ros_catkin_ws/build/CMakeFiles/CMakeTmp»
/usr/bin/cmake -E cmake_progress_report /home/chavo/ros_catkin_ws/build/CMakeFiles/CMakeTmp/CMakeFiles 1
Building C object CMakeFiles/cmTryCompileExec1596175031.dir/CheckFunctionExists.c.o
/usr/bin/cc   -DCHECK_FUNCTION_EXISTS=pthread_create   -o CMakeFiles/cmTryCompileExec1596175031.dir/CheckFunctionExists.c.o   -c /usr/share/cmake-2.8/Modules/CheckFunctionExists.c
Linking C executable cmTryCompileExec1596175031
/usr/bin/cmake -E cmake_link_script CMakeFiles/cmTryCompileExec1596175031.dir/link.txt --verbose=1
/usr/bin/cc   -DCHECK_FUNCTION_EXISTS=pthread_create    CMakeFiles/cmTryCompileExec1596175031.dir/CheckFunctionExists.c.o  -o cmTryCompileExec1596175031 -rdynamic -lpthreads 
/usr/bin/ld: no se puede encontrar -lpthreads
collect2: error: ld returned 1 exit status
make[1]: *** [cmTryCompileExec1596175031] Error 1
make[1]: se sale del directorio «/home/chavo/ros_catkin_ws/build/CMakeFiles/CMakeTmp»
make: *** [cmTryCompileExec1596175031/fast] Error 2


